<?xml version="1.0" encoding="UTF-8"?>
<persistence version="2.0"
   xmlns="http://java.sun.com/xml/ns/persistence" xmlns:xsi="http://www.w3.org/2001/XMLSchema-instance"
   xsi:schemaLocation="
        http://java.sun.com/xml/ns/persistence
        http://java.sun.com/xml/ns/persistence/persistence_2_0.xsd">
   <persistence-unit name="primary" transaction-type="JTA">
      <jta-data-source>java:/jdbc/p6spy</jta-data-source>
      <properties>
         <!-- Properties for Hibernate -->
         <property name="hibernate.dialect" value="org.hibernate.dialect.SQLServerDialect" />
         
         <property name="hibernate.hbm2ddl.auto" value="create-drop" />
         <property name="hibernate.show_sql" value="false" />
         <property name="hibernate.default_schema" value="arquillian" />
      </properties>
   </persistence-unit>
</persistence>